2025-05-27T15:06:38.631Z  INFO 1 --- [auth-service] [main] v.d.auth_service.AuthServiceApplication  : Starting AuthServiceApplication v0.0.1-SNAPSHOT using Java 17.0.2 with PID 1 (/app/auth-service-0.0.1-SNAPSHOT.jar started by root in /app)
2025-05-27T15:06:38.640Z  INFO 1 --- [auth-service] [main] v.d.auth_service.AuthServiceApplication  : No active profile set, falling back to 1 default profile: "default"
2025-05-27T15:06:50.903Z  INFO 1 --- [auth-service] [main] .s.d.r.c.RepositoryConfigurationDelegate : Bootstrapping Spring Data JPA repositories in DEFAULT mode.
2025-05-27T15:06:53.330Z  INFO 1 --- [auth-service] [main] .s.d.r.c.RepositoryConfigurationDelegate : Finished Spring Data repository scanning in 2120 ms. Found 1 JPA repository interface.
2025-05-27T15:06:56.957Z  INFO 1 --- [auth-service] [main] o.s.cloud.context.scope.GenericScope     : BeanFactory id=62e7942a-6111-32a1-93be-4b1d46c7ee50
2025-05-27T15:07:02.053Z  INFO 1 --- [auth-service] [main] o.s.b.w.embedded.tomcat.TomcatWebServer  : Tomcat initialized with port 8082 (http)
2025-05-27T15:07:02.171Z  INFO 1 --- [auth-service] [main] o.apache.catalina.core.StandardService   : Starting service [Tomcat]
2025-05-27T15:07:02.178Z  INFO 1 --- [auth-service] [main] o.apache.catalina.core.StandardEngine    : Starting Servlet engine: [Apache Tomcat/10.1.39]
2025-05-27T15:07:02.440Z  INFO 1 --- [auth-service] [main] o.a.c.c.C.[Tomcat].[localhost].[/]       : Initializing Spring embedded WebApplicationContext
2025-05-27T15:07:02.447Z  INFO 1 --- [auth-service] [main] w.s.c.ServletWebServerApplicationContext : Root WebApplicationContext: initialization completed in 23267 ms
2025-05-27T15:07:04.363Z  INFO 1 --- [auth-service] [main] com.zaxxer.hikari.HikariDataSource       : HikariPool-1 - Starting...
2025-05-27T15:07:08.474Z  INFO 1 --- [auth-service] [main] com.zaxxer.hikari.pool.HikariPool        : HikariPool-1 - Added connection com.mysql.cj.jdbc.ConnectionImpl@3957d88b
2025-05-27T15:07:08.500Z  INFO 1 --- [auth-service] [main] com.zaxxer.hikari.HikariDataSource       : HikariPool-1 - Start completed.
2025-05-27T15:07:08.881Z  INFO 1 --- [auth-service] [main] o.hibernate.jpa.internal.util.LogHelper  : HHH000204: Processing PersistenceUnitInfo [name: default]
2025-05-27T15:07:09.606Z  INFO 1 --- [auth-service] [main] org.hibernate.Version                    : HHH000412: Hibernate ORM core version 6.6.11.Final
2025-05-27T15:07:10.223Z  INFO 1 --- [auth-service] [main] o.h.c.internal.RegionFactoryInitiator    : HHH000026: Second-level cache disabled
2025-05-27T15:07:12.354Z  INFO 1 --- [auth-service] [main] o.s.o.j.p.SpringPersistenceUnitInfo      : No LoadTimeWeaver setup: ignoring JPA class transformer
2025-05-27T15:07:13.215Z  INFO 1 --- [auth-service] [main] org.hibernate.orm.connections.pooling    : HHH10001005: Database info:
	Database JDBC URL [Connecting through datasource 'HikariDataSource (HikariPool-1)']
	Database driver: undefined/unknown
	Database version: 8.0.30
	Autocommit mode: undefined/unknown
	Isolation level: undefined/unknown
	Minimum pool size: undefined/unknown
	Maximum pool size: undefined/unknown
2025-05-27T15:07:18.537Z  INFO 1 --- [auth-service] [main] o.h.e.t.j.p.i.JtaPlatformInitiator       : HHH000489: No JTA platform available (set 'hibernate.transaction.jta.platform' to enable JTA platform integration)
2025-05-27T15:07:18.550Z  INFO 1 --- [auth-service] [main] j.LocalContainerEntityManagerFactoryBean : Initialized JPA EntityManagerFactory for persistence unit 'default'
2025-05-27T15:07:20.409Z  INFO 1 --- [auth-service] [main] r$InitializeUserDetailsManagerConfigurer : Global AuthenticationManager configured with UserDetailsService bean with name userDetailsService
2025-05-27T15:07:20.546Z  WARN 1 --- [auth-service] [main] JpaBaseConfiguration$JpaWebConfiguration : spring.jpa.open-in-view is enabled by default. Therefore, database queries may be performed during view rendering. Explicitly configure spring.jpa.open-in-view to disable this warning
2025-05-27T15:07:23.328Z  INFO 1 --- [auth-service] [main] DiscoveryClientOptionalArgsConfiguration : Eureka HTTP Client uses RestTemplate.
2025-05-27T15:07:23.500Z  WARN 1 --- [auth-service] [main] iguration$LoadBalancerCaffeineWarnLogger : Spring Cloud LoadBalancer is currently working with the default cache. While this cache implementation is useful for development and tests, it's recommended to use Caffeine cache in production.You can switch to using Caffeine cache, by adding it and org.springframework.cache.caffeine.CaffeineCacheManager to the classpath.
2025-05-27T15:07:23.696Z  INFO 1 --- [auth-service] [main] o.s.c.n.eureka.InstanceInfoFactory       : Setting initial instance status as: STARTING
2025-05-27T15:07:23.825Z  INFO 1 --- [auth-service] [main] com.netflix.discovery.DiscoveryClient    : Initializing Eureka in region us-east-1
2025-05-27T15:07:23.838Z  INFO 1 --- [auth-service] [main] c.n.d.s.r.aws.ConfigClusterResolver      : Resolving eureka endpoints via configuration
2025-05-27T15:07:23.944Z  INFO 1 --- [auth-service] [main] com.netflix.discovery.DiscoveryClient    : Disable delta property : false
2025-05-27T15:07:23.947Z  INFO 1 --- [auth-service] [main] com.netflix.discovery.DiscoveryClient    : Single vip registry refresh property : null
2025-05-27T15:07:23.948Z  INFO 1 --- [auth-service] [main] com.netflix.discovery.DiscoveryClient    : Force full registry fetch : false
2025-05-27T15:07:23.949Z  INFO 1 --- [auth-service] [main] com.netflix.discovery.DiscoveryClient    : Application is null : false
2025-05-27T15:07:23.951Z  INFO 1 --- [auth-service] [main] com.netflix.discovery.DiscoveryClient    : Registered Applications size is zero : true
2025-05-27T15:07:23.954Z  INFO 1 --- [auth-service] [main] com.netflix.discovery.DiscoveryClient    : Application version is -1: true
2025-05-27T15:07:23.957Z  INFO 1 --- [auth-service] [main] com.netflix.discovery.DiscoveryClient    : Getting all instance registry info from the eureka server
2025-05-27T15:07:27.500Z  INFO 1 --- [auth-service] [main] com.netflix.discovery.DiscoveryClient    : The response status is 200
2025-05-27T15:07:27.536Z  INFO 1 --- [auth-service] [main] com.netflix.discovery.DiscoveryClient    : Starting heartbeat executor: renew interval is: 30
2025-05-27T15:07:27.556Z  INFO 1 --- [auth-service] [main] c.n.discovery.InstanceInfoReplicator     : InstanceInfoReplicator onDemand update allowed rate per min is 4
2025-05-27T15:07:27.575Z  INFO 1 --- [auth-service] [main] com.netflix.discovery.DiscoveryClient    : Discovery Client initialized at timestamp 1748358447574 with initial instances count: 0
2025-05-27T15:07:27.599Z  INFO 1 --- [auth-service] [main] o.s.c.n.e.s.EurekaServiceRegistry        : Registering application AUTH-SERVICE with eureka with status UP
2025-05-27T15:07:27.604Z  INFO 1 --- [auth-service] [main] com.netflix.discovery.DiscoveryClient    : Saw local status change event StatusChangeEvent [timestamp=1748358447604, current=UP, previous=STARTING]
2025-05-27T15:07:27.616Z  INFO 1 --- [auth-service] [DiscoveryClient-InstanceInfoReplicator-%d] com.netflix.discovery.DiscoveryClient    : DiscoveryClient_AUTH-SERVICE/50f7c2a14d90:auth-service:8082: registering service...
2025-05-27T15:07:27.751Z  INFO 1 --- [auth-service] [main] o.s.b.w.embedded.tomcat.TomcatWebServer  : Tomcat started on port 8082 (http) with context path '/'
2025-05-27T15:07:27.764Z  INFO 1 --- [auth-service] [main] .s.c.n.e.s.EurekaAutoServiceRegistration : Updating port to 8082
2025-05-27T15:07:27.893Z  INFO 1 --- [auth-service] [main] v.d.auth_service.AuthServiceApplication  : Started AuthServiceApplication in 57.315 seconds (process running for 63.803)
2025-05-27T15:07:29.659Z  INFO 1 --- [auth-service] [DiscoveryClient-InstanceInfoReplicator-%d] com.netflix.discovery.DiscoveryClient    : DiscoveryClient_AUTH-SERVICE/50f7c2a14d90:auth-service:8082 - registration status: 204
2025-05-27T15:07:57.538Z  INFO 1 --- [auth-service] [DiscoveryClient-CacheRefreshExecutor-%d] com.netflix.discovery.DiscoveryClient    : Disable delta property : false
2025-05-27T15:07:57.549Z  INFO 1 --- [auth-service] [DiscoveryClient-CacheRefreshExecutor-%d] com.netflix.discovery.DiscoveryClient    : Single vip registry refresh property : null
2025-05-27T15:07:57.551Z  INFO 1 --- [auth-service] [DiscoveryClient-CacheRefreshExecutor-%d] com.netflix.discovery.DiscoveryClient    : Force full registry fetch : false
2025-05-27T15:07:57.552Z  INFO 1 --- [auth-service] [DiscoveryClient-CacheRefreshExecutor-%d] com.netflix.discovery.DiscoveryClient    : Application is null : false
2025-05-27T15:07:57.555Z  INFO 1 --- [auth-service] [DiscoveryClient-CacheRefreshExecutor-%d] com.netflix.discovery.DiscoveryClient    : Registered Applications size is zero : true
2025-05-27T15:07:57.555Z  INFO 1 --- [auth-service] [DiscoveryClient-CacheRefreshExecutor-%d] com.netflix.discovery.DiscoveryClient    : Application version is -1: false
2025-05-27T15:07:57.556Z  INFO 1 --- [auth-service] [DiscoveryClient-CacheRefreshExecutor-%d] com.netflix.discovery.DiscoveryClient    : Getting all instance registry info from the eureka server
2025-05-27T15:07:57.684Z  INFO 1 --- [auth-service] [DiscoveryClient-CacheRefreshExecutor-%d] com.netflix.discovery.DiscoveryClient    : The response status is 200
2025-05-27T15:09:07.106Z  INFO 1 --- [auth-service] [SpringApplicationShutdownHook] o.s.c.n.e.s.EurekaServiceRegistry        : Unregistering application AUTH-SERVICE with eureka with status DOWN
2025-05-27T15:09:07.109Z  INFO 1 --- [auth-service] [SpringApplicationShutdownHook] com.netflix.discovery.DiscoveryClient    : Saw local status change event StatusChangeEvent [timestamp=1748358547109, current=DOWN, previous=UP]
2025-05-27T15:09:07.110Z  INFO 1 --- [auth-service] [DiscoveryClient-InstanceInfoReplicator-%d] com.netflix.discovery.DiscoveryClient    : DiscoveryClient_AUTH-SERVICE/50f7c2a14d90:auth-service:8082: registering service...
2025-05-27T15:09:07.135Z  INFO 1 --- [auth-service] [DiscoveryClient-InstanceInfoReplicator-%d] com.netflix.discovery.DiscoveryClient    : DiscoveryClient_AUTH-SERVICE/50f7c2a14d90:auth-service:8082 - registration status: 204
2025-05-27T15:09:07.164Z  INFO 1 --- [auth-service] [SpringApplicationShutdownHook] o.s.b.w.e.tomcat.GracefulShutdown        : Commencing graceful shutdown. Waiting for active requests to complete
2025-05-27T15:09:07.206Z  INFO 1 --- [auth-service] [tomcat-shutdown] o.s.b.w.e.tomcat.GracefulShutdown        : Graceful shutdown complete
2025-05-27T15:09:07.244Z  INFO 1 --- [auth-service] [SpringApplicationShutdownHook] j.LocalContainerEntityManagerFactoryBean : Closing JPA EntityManagerFactory for persistence unit 'default'
2025-05-27T15:09:07.271Z  INFO 1 --- [auth-service] [SpringApplicationShutdownHook] com.zaxxer.hikari.HikariDataSource       : HikariPool-1 - Shutdown initiated...
